Physical cores: 4
Logical cores:  8
Memory:         15.6GB
Extensions:     AVX

WARNING: Partition DATA: Sequences A/England/336/2015 and A/England/364/2015 are identical
WARNING: Partition DATA: Sequences A/England/336/2015 and A/Saint-Petersburg/RII425S/2015 are identical
WARNING: Partition DATA: Sequences A/Saint-Petersburg/RII599S/2015 and A/Saint-Petersburg/RII720S/2016 are identical
WARNING: Partition DATA: Sequences A/Sweden/34/2015 and A/Sweden/36/2015 are identical
WARNING: Partition DATA: Sequences FLU-2108/Patient-25 and FLU-2109/Patient-26 are identical
WARNING: Partition DATA: Sequences FLU-2108/Patient-25 and FLU-2110/Patient-27 are identical
WARNING: MSA has not enough sites to infer reliable results
Creating new checkpoint file: HA_model.ckp
--------------------------------------------------------------------------------
ModelTest-NG vx.y.z

Input data:
  MSA:        Combined_HA.fas
  Tree:       Maximum likelihood
    file:           -
  #taxa:            32
  #sites:           1701
  #patterns:        99
  Max. thread mem:  1 MB

Output:
  Log:           HA_model.log
  Starting tree: HA_model.tree
  Results:       HA_model.out

Selection options:
  # dna schemes:      11
  # dna models:       88
  include model parameters:
    Uniform:         true
    p-inv (+I):      true
    gamma (+G):      true
    both (+I+G):     true
    free rates (+R): false
    fixed freqs:     true
    estimated freqs: true
    #categories:     4
  gamma rates mode:   mean
  asc bias:           none
  epsilon (opt):      0.01
  epsilon (par):      0.05
  keep branches:      false

Additional options:
  verbosity:        very low
  threads:          2/4
  RNG seed:         12345
  subtree repeats:  enabled
--------------------------------------------------------------------------------
modeltest was called as follows: 
>> modeltest-ng -d nt -i Combined_HA.fas -o HA_model -t ml -p 2 


Partition 1/1

 ----ID---  ----MODEL---- ---Time--- -Elapsed--- -------LnL------- -Alpha- -P-inv-

Computation of likelihood scores completed. It took 0h:00:07

BIC       model              K            lnL          score          delta    weight
--------------------------------------------------------------------------------
       1  HKY+G4             5     -3388.1832      7267.3385         0.0000    0.5019
       2  HKY+I              5     -3388.4961      7267.9643         0.6258    0.3671
       3  TrN+G4             6     -3387.7826      7273.9763         6.6378    0.0182
       4  TPM2uf+G4          6     -3388.0754      7274.5619         7.2234    0.0136
       5  HKY                4     -3395.5268      7274.5867         7.2482    0.0134
       6  TrN+I              6     -3388.0972      7274.6056         7.2671    0.0133
       7  HKY+I+G4           6     -3388.1096      7274.6302         7.2917    0.0131
       8  TPM1uf+G4          6     -3388.1101      7274.6312         7.2927    0.0131
       9  TPM3uf+G4          6     -3388.1664      7274.7439         7.4054    0.0124
      10  TPM2uf+I           6     -3388.3877      7275.1866         7.8481    0.0099
--------------------------------------------------------------------------------
Best model according to BIC
---------------------------
Model:              HKY+G4
lnL:                -3388.1832
Frequencies:        0.3515 0.1873 0.2214 0.2398
Subst. Rates:       1.0000 14.9141 1.0000 1.0000 14.9141 1.0000 
Inv. sites prop:    -
Gamma shape:        0.3150
Score:              7267.3385
Weight:             0.5019
---------------------------
Parameter importances
---------------------------
P.Inv:              0.4099
Gamma:              0.5605
Gamma-Inv:          0.0146
Frequencies:        1.0000
---------------------------
Model averaged estimates
---------------------------
P.Inv:              0.6391
Alpha:              0.3161
Alpha-P.Inv:        1.5323
P.Inv-Alpha:        0.4647
Frequencies:        0.3515 0.1873 0.2215 0.2398 

Commands:
  > phyml  -i Combined_HA.fas -m 010010 -f m -v 0 -a e -c 4 -o tlr
  > raxmlHPC-SSE3 -s Combined_HA.fas -m GTRGAMMAX -n EXEC_NAME -p PARSIMONY_SEED
  > raxml-ng --msa Combined_HA.fas --model HKY+G4
  > paup -s Combined_HA.fas
  > iqtree -s Combined_HA.fas -m HKY+G4

AIC       model              K            lnL          score          delta    weight
--------------------------------------------------------------------------------
       1  HKY+G4             5     -3388.1832      6908.3664         0.0000    0.1373
       2  HKY+I              5     -3388.4961      6908.9922         0.6258    0.1004
       3  TrN+G4             6     -3387.7826      6909.5652         1.1988    0.0754
       4  TPM2uf+G4          6     -3388.0754      6910.1508         1.7844    0.0563
       5  TrN+I              6     -3388.0972      6910.1945         1.8281    0.0551
       6  HKY+I+G4           6     -3388.1096      6910.2191         1.8528    0.0544
       7  TPM1uf+G4          6     -3388.1101      6910.2201         1.8538    0.0544
       8  TPM3uf+G4          6     -3388.1664      6910.3328         1.9664    0.0514
       9  TPM2uf+I           6     -3388.3877      6910.7755         2.4091    0.0412
      10  TPM1uf+I           6     -3388.4237      6910.8474         2.4810    0.0397
--------------------------------------------------------------------------------
Best model according to AIC
---------------------------
Model:              HKY+G4
lnL:                -3388.1832
Frequencies:        0.3515 0.1873 0.2214 0.2398
Subst. Rates:       1.0000 14.9141 1.0000 1.0000 14.9141 1.0000 
Inv. sites prop:    -
Gamma shape:        0.3150
Score:              6908.3664
Weight:             0.1373
---------------------------
Parameter importances
---------------------------
P.Inv:              0.3456
Gamma:              0.4705
Gamma-Inv:          0.1830
Frequencies:        1.0000
---------------------------
Model averaged estimates
---------------------------
P.Inv:              0.6391
Alpha:              0.3225
Alpha-P.Inv:        1.5871
P.Inv-Alpha:        0.4602
Frequencies:        0.3519 0.1869 0.2219 0.2394 

Commands:
  > phyml  -i Combined_HA.fas -m 010010 -f m -v 0 -a e -c 4 -o tlr
  > raxmlHPC-SSE3 -s Combined_HA.fas -m GTRGAMMAX -n EXEC_NAME -p PARSIMONY_SEED
  > raxml-ng --msa Combined_HA.fas --model HKY+G4
  > paup -s Combined_HA.fas
  > iqtree -s Combined_HA.fas -m HKY+G4

AICc      model              K            lnL          score          delta    weight
--------------------------------------------------------------------------------
       1  HKY+G4             5     -3388.1832      6913.3664         0.0000    0.1377
       2  HKY+I              5     -3388.4961      6913.9922         0.6258    0.1007
       3  TrN+G4             6     -3387.7826      6914.5652         1.1988    0.0756
       4  TPM2uf+G4          6     -3388.0754      6915.1508         1.7844    0.0564
       5  TrN+I              6     -3388.0972      6915.1945         1.8281    0.0552
       6  HKY+I+G4           6     -3388.1096      6915.2191         1.8528    0.0545
       7  TPM1uf+G4          6     -3388.1101      6915.2201         1.8538    0.0545
       8  TPM3uf+G4          6     -3388.1664      6915.3328         1.9664    0.0515
       9  TPM2uf+I           6     -3388.3877      6915.7755         2.4091    0.0413
      10  TPM1uf+I           6     -3388.4237      6915.8474         2.4810    0.0398
--------------------------------------------------------------------------------
Best model according to AICc
---------------------------
Model:              HKY+G4
lnL:                -3388.1832
Frequencies:        0.3515 0.1873 0.2214 0.2398
Subst. Rates:       1.0000 14.9141 1.0000 1.0000 14.9141 1.0000 
Inv. sites prop:    -
Gamma shape:        0.3150
Score:              6913.3664
Weight:             0.1377
---------------------------
Parameter importances
---------------------------
P.Inv:              0.3459
Gamma:              0.4708
Gamma-Inv:          0.1825
Frequencies:        1.0000
---------------------------
Model averaged estimates
---------------------------
P.Inv:              0.6391
Alpha:              0.3225
Alpha-P.Inv:        1.5843
P.Inv-Alpha:        0.4598
Frequencies:        0.3519 0.1869 0.2219 0.2394 

Commands:
  > phyml  -i Combined_HA.fas -m 010010 -f m -v 0 -a e -c 4 -o tlr
  > raxmlHPC-SSE3 -s Combined_HA.fas -m GTRGAMMAX -n EXEC_NAME -p PARSIMONY_SEED
  > raxml-ng --msa Combined_HA.fas --model HKY+G4
  > paup -s Combined_HA.fas
  > iqtree -s Combined_HA.fas -m HKY+G4

There are 34 different topologies
Topologies written to HA_model.topos

topo_id   models_count   bic_support   aic_support   aicc_support
-----------------------------------------------------------------
      2              8       0.54145       0.35610       0.35718
     20              2       0.36738       0.12068       0.12105
      1             12       0.05623       0.29973       0.29956
     14              2       0.01817       0.07541       0.07564
     25              3       0.01340       0.00030       0.00030
     13              2       0.00092       0.05787       0.05805
     28              2       0.00056       0.00021       0.00021
      3             10       0.00048       0.04296       0.04227
     30              1       0.00037       0.00010       0.00010
     21              5       0.00035       0.02214       0.02220
     29              1       0.00035       0.00010       0.00010
      4              1       0.00034       0.02144       0.02151
     27              3       0.00001       0.00006       0.00006
     12              1       0.00000       0.00289       0.00176
     26              1       0.00000       0.00001       0.00001
      5              9       0.00000       0.00000       0.00000
     17              1       0.00000       0.00000       0.00000
     18              1       0.00000       0.00000       0.00000
     31              7       0.00000       0.00000       0.00000
     24              1       0.00000       0.00000       0.00000
     33              1       0.00000       0.00000       0.00000
      9              1       0.00000       0.00000       0.00000
     10              1       0.00000       0.00000       0.00000
     15              1       0.00000       0.00000       0.00000
      6              1       0.00000       0.00000       0.00000
      7              1       0.00000       0.00000       0.00000
     22              1       0.00000       0.00000       0.00000
     16              1       0.00000       0.00000       0.00000
     23              1       0.00000       0.00000       0.00000
     32              1       0.00000       0.00000       0.00000
      8              1       0.00000       0.00000       0.00000
     19              2       0.00000       0.00000       0.00000
     34              1       0.00000       0.00000       0.00000
     11              1       0.00000       0.00000       0.00000

extended majority-rule consensus: ((((A/England/358/2015,A/England/357/2015)[1.00000],(A/England/341/2015,(A/England/353/2015,A/England/340/2015)[1.00000])[1.00000])[1.00000],(A/England/54480152/2015,(A/England/54820159/2015,((A/England/53640770/2015,(A/England/54780039/2015,(FLU-2108/Patient-25,(FLU-2110/Patient-27,FLU-2109/Patient-26)[1.00000])[1.00000])[1.00000])[0.98531],(A/Saint-Petersburg/RII854S/2016,((A/Saint-Petersburg/RII425S/2015,(A/England/336/2015,(((FLU-2138/Patient-42,(FLU-2180/Patient-76,(FLU-2147/Patient-47,FLU-2184/Patient-79)[1.00000])[1.00000])[1.00000],(A/Sweden/38/2015,(A/Sweden/35/2015,(A/Sweden/36/2015,A/Sweden/34/2015)[0.63227])[1.00000])[1.00000])[0.54181],(FLU-2200/Patient-65,A/Saint-Petersburg/RII829S/2016)[0.54146])[0.98145])[0.96805])[0.96805],(A/England/364/2015,(A/Saint-Petersburg/RII639M/2016,(A/Saint-Petersburg/RII720S/2016,A/Saint-Petersburg/RII599S/2015)[1.00000])[0.98623])[0.98623])[0.96805])[1.00000])[1.00000])[0.99874])[1.00000])[1.00000],A/South-Africa/3626/2013,(A/England/41780007/2014,A/California/07/2009-Vaccine Strain)[1.00000]);
strict consensus: ((((A/England/358/2015,A/England/357/2015)[1.00000],(A/England/341/2015,(A/England/353/2015,A/England/340/2015)[1.00000])[1.00000])[1.00000],(A/England/54820159/2015,A/England/54480152/2015,(A/England/53640770/2015,(FLU-2200/Patient-65,A/Saint-Petersburg/RII854S/2016,A/Saint-Petersburg/RII829S/2016,A/Saint-Petersburg/RII639M/2016,A/Saint-Petersburg/RII425S/2015,A/England/364/2015,A/England/336/2015,(FLU-2138/Patient-42,(FLU-2180/Patient-76,(FLU-2147/Patient-47,FLU-2184/Patient-79)[1.00000])[1.00000])[1.00000],(A/Sweden/38/2015,(A/Sweden/36/2015,A/Sweden/35/2015,A/Sweden/34/2015)[1.00000])[1.00000],(A/Saint-Petersburg/RII720S/2016,A/Saint-Petersburg/RII599S/2015)[1.00000])[1.00000],(A/England/54780039/2015,(FLU-2108/Patient-25,(FLU-2110/Patient-27,FLU-2109/Patient-26)[1.00000])[1.00000])[1.00000])[1.00000])[1.00000])[1.00000],A/South-Africa/3626/2013,(A/England/41780007/2014,A/California/07/2009-Vaccine Strain)[1.00000]);

Summary:

Partition 1/1:
                         Model         Score        Weight
----------------------------------------------------------
       BIC              HKY+G4     7267.3385        0.5019
       AIC              HKY+G4     6908.3664        0.1373
      AICc              HKY+G4     6913.3664        0.1377

Execution results written to HA_model.out
Starting tree written to HA_model.tree
